<?xml version="1.0" encoding="UTF-8"?>
<!-- Generated by org.testng.reporters.JUnitReportReporter -->
<testsuite hostname="LAPTOP-N7P4SP8U" failures="0" tests="3" name="TestNgFramework.TestNGAnnotation" time="0.029" errors="0" timestamp="2021-09-26T16:20:50 IST" skipped="0">
  <testcase classname="TestNgFramework.TestNGAnnotation" name="searchText" time="0.006"/>
  <system-out/>
  <testcase classname="TestNgFramework.TestNGAnnotation" name="googleLogo" time="0.012"/>
  <system-out/>
  <testcase classname="TestNgFramework.TestNGAnnotation" name="googleTitle" time="0.011"/>
  <system-out/>
</testsuite> <!-- TestNgFramework.TestNGAnnotation -->
