<?xml version="1.0" encoding="UTF-8"?>
<!-- Generated by org.testng.reporters.JUnitReportReporter -->
<testsuite hostname="LAPTOP-N7P4SP8U" failures="0" tests="3" name="TestNgFramework.FacebbookLoginPageTest" time="30.444" errors="0" timestamp="2021-09-26T16:12:27 IST" skipped="0">
  <testcase classname="TestNgFramework.FacebbookLoginPageTest" name="getPageTitle" time="7.506"/>
  <system-out/>
  <testcase classname="TestNgFramework.FacebbookLoginPageTest" name="logoVerify" time="8.293"/>
  <system-out/>
  <testcase classname="TestNgFramework.FacebbookLoginPageTest" name="hoverMen" time="14.645"/>
  <system-out/>
</testsuite> <!-- TestNgFramework.FacebbookLoginPageTest -->
