<?xml version="1.0" encoding="UTF-8"?>
<!-- Generated by org.testng.reporters.JUnitReportReporter -->
<testsuite hostname="LAPTOP-N7P4SP8U" failures="0" tests="11" name="TestNgFramework.TestNgFreature" time="0.036" errors="0" timestamp="2021-09-26T15:45:20 IST" skipped="0">
  <testcase classname="TestNgFramework.TestNgFreature" name="LogInTest" time="0.015"/>
  <system-out/>
  <testcase classname="TestNgFramework.TestNgFreature" name="Homepage" time="0.002"/>
  <system-out/>
  <testcase classname="TestNgFramework.TestNgFreature" name="Homepage" time="0.003"/>
  <system-out/>
  <testcase classname="TestNgFramework.TestNgFreature" name="Homepage" time="0.004"/>
  <system-out/>
  <testcase classname="TestNgFramework.TestNgFreature" name="Homepage" time="0.002"/>
  <system-out/>
  <testcase classname="TestNgFramework.TestNgFreature" name="Homepage" time="0.001"/>
  <system-out/>
  <testcase classname="TestNgFramework.TestNgFreature" name="Homepage" time="0.002"/>
  <system-out/>
  <testcase classname="TestNgFramework.TestNgFreature" name="Homepage" time="0.001"/>
  <system-out/>
  <testcase classname="TestNgFramework.TestNgFreature" name="Homepage" time="0.002"/>
  <system-out/>
  <testcase classname="TestNgFramework.TestNgFreature" name="Homepage" time="0.002"/>
  <system-out/>
  <testcase classname="TestNgFramework.TestNgFreature" name="Homepage" time="0.002"/>
  <system-out/>
</testsuite> <!-- TestNgFramework.TestNgFreature -->
