<?xml version="1.0" encoding="UTF-8"?>
<!-- Generated by org.testng.reporters.JUnitReportReporter -->
<testsuite hostname="LAPTOP-N7P4SP8U" failures="0" tests="1" name="TestNgFramework.DataDrivenTesting" time="0.000" errors="0" timestamp="2021-10-09T04:33:12 IST" skipped="1">
  <testcase classname="TestNgFramework.DataDrivenTesting" name="logInTest" time="0.000">
    <skipped/>
  </testcase> <!-- logInTest -->
  <system-out/>
</testsuite> <!-- TestNgFramework.DataDrivenTesting -->
